<?xml version="1.0" encoding="UTF-8"?>
<!-- Generated by org.testng.reporters.JUnitReportReporter -->
<testsuite hostname="DESKTOP-FNCJLSJ" failures="0" tests="25" name="dATA_PROVIDER.account_create" time="288.015" errors="0" timestamp="2022-06-10T10:57:54 IST" skipped="0">
  <testcase classname="dATA_PROVIDER.account_create" name="primary_yahoo_setup" time="11.886"/>
  <system-out/>
  <testcase classname="dATA_PROVIDER.account_create" name="primary_yahoo_setup" time="10.722"/>
  <system-out/>
  <testcase classname="dATA_PROVIDER.account_create" name="primary_yahoo_setup" time="10.787"/>
  <system-out/>
  <testcase classname="dATA_PROVIDER.account_create" name="primary_yahoo_setup" time="11.451"/>
  <system-out/>
  <testcase classname="dATA_PROVIDER.account_create" name="primary_yahoo_setup" time="10.975"/>
  <system-out/>
  <testcase classname="dATA_PROVIDER.account_create" name="primary_yahoo_setup" time="11.177"/>
  <system-out/>
  <testcase classname="dATA_PROVIDER.account_create" name="primary_yahoo_setup" time="11.849"/>
  <system-out/>
  <testcase classname="dATA_PROVIDER.account_create" name="primary_yahoo_setup" time="10.935"/>
  <system-out/>
  <testcase classname="dATA_PROVIDER.account_create" name="primary_yahoo_setup" time="11.243"/>
  <system-out/>
  <testcase classname="dATA_PROVIDER.account_create" name="primary_yahoo_setup" time="11.295"/>
  <system-out/>
  <testcase classname="dATA_PROVIDER.account_create" name="primary_yahoo_setup" time="10.971"/>
  <system-out/>
  <testcase classname="dATA_PROVIDER.account_create" name="primary_yahoo_setup" time="10.930"/>
  <system-out/>
  <testcase classname="dATA_PROVIDER.account_create" name="primary_yahoo_setup" time="12.687"/>
  <system-out/>
  <testcase classname="dATA_PROVIDER.account_create" name="primary_yahoo_setup" time="11.826"/>
  <system-out/>
  <testcase classname="dATA_PROVIDER.account_create" name="primary_yahoo_setup" time="10.873"/>
  <system-out/>
  <testcase classname="dATA_PROVIDER.account_create" name="primary_yahoo_setup" time="11.824"/>
  <system-out/>
  <testcase classname="dATA_PROVIDER.account_create" name="primary_yahoo_setup" time="12.480"/>
  <system-out/>
  <testcase classname="dATA_PROVIDER.account_create" name="primary_yahoo_setup" time="12.239"/>
  <system-out/>
  <testcase classname="dATA_PROVIDER.account_create" name="primary_yahoo_setup" time="14.392"/>
  <system-out/>
  <testcase classname="dATA_PROVIDER.account_create" name="primary_yahoo_setup" time="11.812"/>
  <system-out/>
  <testcase classname="dATA_PROVIDER.account_create" name="primary_yahoo_setup" time="10.588"/>
  <system-out/>
  <testcase classname="dATA_PROVIDER.account_create" name="primary_yahoo_setup" time="10.920"/>
  <system-out/>
  <testcase classname="dATA_PROVIDER.account_create" name="primary_yahoo_setup" time="11.533"/>
  <system-out/>
  <testcase classname="dATA_PROVIDER.account_create" name="primary_yahoo_setup" time="10.803"/>
  <system-out/>
  <testcase classname="dATA_PROVIDER.account_create" name="primary_yahoo_setup" time="11.817"/>
  <system-out/>
</testsuite> <!-- dATA_PROVIDER.account_create -->
