<?xml version="1.0" encoding="UTF-8"?>
<!-- Generated by org.testng.reporters.JUnitReportReporter -->
<testsuite hostname="DESKTOP-FNCJLSJ" failures="0" tests="5" name="Test_Ng.Facebook_Test" time="204.280" errors="0" timestamp="2022-04-08T12:34:47 IST" skipped="0">
  <testcase classname="Test_Ng.Facebook_Test" name="set_up" time="8.470"/>
  <system-out/>
  <testcase classname="Test_Ng.Facebook_Test" name="pass_fill" time="9.083"/>
  <system-out/>
  <testcase classname="Test_Ng.Facebook_Test" name="clicl_forrgptten" time="12.405"/>
  <system-out/>
  <testcase classname="Test_Ng.Facebook_Test" name="click" time="8.901"/>
  <system-out/>
  <testcase classname="Test_Ng.Facebook_Test" name="about_click" time="165.421"/>
  <system-out/>
</testsuite> <!-- Test_Ng.Facebook_Test -->
