<?xml version="1.0" encoding="UTF-8"?>
<!-- Generated by org.testng.reporters.JUnitReportReporter -->
<testsuite hostname="DESKTOP-FNCJLSJ" failures="0" tests="1" name="Select_Class.samle4" time="27.433" errors="0" timestamp="2022-09-28T15:30:51 IST" skipped="0">
  <testcase classname="Select_Class.samle4" name="setup" time="27.433"/>
  <system-out/>
</testsuite> <!-- Select_Class.samle4 -->
